<?xml version="1.0" encoding="UTF-8"?>
<!-- Generated by org.testng.reporters.JUnitReportReporter -->
<testsuite hostname="DESKTOP-QFPEJP1" failures="0" tests="8" name="Test_3.Test_4" time="132.320" errors="0" timestamp="2022-08-15T12:26:24 IST" skipped="0">
  <testcase classname="Test_3.Test_4" name="BC" time="10.469"/>
  <system-out/>
  <testcase classname="Test_3.Test_4" name="BA" time="9.517"/>
  <system-out/>
  <testcase classname="Test_3.Test_4" name="BD" time="11.662"/>
  <system-out/>
  <testcase classname="Test_3.Test_4" name="BB" time="25.819"/>
  <system-out/>
  <testcase classname="Test_3.Test_4" name="BB" time="43.705"/>
  <system-out/>
  <testcase classname="Test_3.Test_4" name="BC" time="13.685"/>
  <system-out/>
  <testcase classname="Test_3.Test_4" name="BD" time="7.603"/>
  <system-out/>
  <testcase classname="Test_3.Test_4" name="BA" time="9.860"/>
  <system-out/>
</testsuite> <!-- Test_3.Test_4 -->
