<?xml version="1.0" encoding="UTF-8"?>
<!-- Generated by org.testng.reporters.JUnitReportReporter -->
<testsuite hostname="DESKTOP-QFPEJP1" failures="0" tests="1" name="Test_3.scroll" time="16.400" errors="0" timestamp="2022-08-17T19:48:58 IST" skipped="0">
  <testcase classname="Test_3.scroll" name="Test_2" time="16.400"/>
  <system-out/>
</testsuite> <!-- Test_3.scroll -->
