<?xml version="1.0" encoding="UTF-8"?>
<!-- Generated by org.testng.reporters.JUnitReportReporter -->
<testsuite hostname="DESKTOP-QFPEJP1" failures="0" tests="2" name="Test_3.softassert" time="0.035" errors="0" timestamp="2022-08-15T12:48:17 IST" skipped="0">
  <testcase classname="Test_3.softassert" name="Tes_1" time="0.032"/>
  <system-out/>
  <testcase classname="Test_3.softassert" name="Test_2" time="0.003"/>
  <system-out/>
</testsuite> <!-- Test_3.softassert -->
