<?xml version="1.0" encoding="UTF-8"?>
<!-- Generated by org.testng.reporters.JUnitReportReporter -->
<testsuite hostname="DESKTOP-QFPEJP1" failures="0" tests="4" name="Testng.testkeyword" time="0.028" errors="0" timestamp="2022-08-17T21:57:23 IST" skipped="0">
  <testcase classname="Testng.testkeyword" name="C" time="0.003"/>
  <system-out/>
  <testcase classname="Testng.testkeyword" name="B" time="0.003"/>
  <system-out/>
  <testcase classname="Testng.testkeyword" name="A" time="0.019"/>
  <system-out/>
  <testcase classname="Testng.testkeyword" name="D" time="0.003"/>
  <system-out/>
</testsuite> <!-- Testng.testkeyword -->
