<?xml version="1.0" encoding="UTF-8"?>
<!-- Generated by org.testng.reporters.JUnitReportReporter -->
<testsuite hostname="DESKTOP-QFPEJP1" failures="0" tests="2" name="Test_3.Test_2" time="0.040" errors="0" timestamp="2022-08-17T18:07:30 IST" skipped="0">
  <testcase classname="Test_3.Test_2" name="BB" time="0.004"/>
  <system-out/>
  <testcase classname="Test_3.Test_2" name="BA" time="0.036"/>
  <system-out/>
</testsuite> <!-- Test_3.Test_2 -->
