<?xml version="1.0" encoding="UTF-8"?>
<!-- Generated by org.testng.reporters.JUnitReportReporter -->
<testsuite hostname="DESKTOP-QFPEJP1" failures="0" tests="4" name="Testng.Test_b" time="0.011" errors="0" timestamp="2022-08-13T18:33:53 IST" skipped="0">
  <testcase classname="Testng.Test_b" name="D" time="0.004"/>
  <system-out/>
  <testcase classname="Testng.Test_b" name="B" time="0.002"/>
  <system-out/>
  <testcase classname="Testng.Test_b" name="A" time="0.003"/>
  <system-out/>
  <testcase classname="Testng.Test_b" name="C" time="0.002"/>
  <system-out/>
</testsuite> <!-- Testng.Test_b -->
