<?xml version="1.0" encoding="UTF-8"?>
<!-- Generated by org.testng.reporters.JUnitReportReporter -->
<testsuite hostname="DESKTOP-QFPEJP1" failures="0" tests="6" name="Testng.Test_d" time="0.029" errors="0" timestamp="2022-08-17T21:54:56 IST" skipped="1">
  <testcase classname="Testng.Test_d" name="A" time="0.017"/>
  <system-out/>
  <testcase classname="Testng.Test_d" name="B" time="0.002"/>
  <system-out/>
  <testcase classname="Testng.Test_d" name="B" time="0.002"/>
  <system-out/>
  <testcase classname="Testng.Test_d" name="B" time="0.003"/>
  <system-out/>
  <testcase classname="Testng.Test_d" name="C" time="0.005"/>
  <system-out/>
  <testcase classname="Testng.Test_d" name="D">
    <skipped/>
  </testcase> <!-- D -->
  <system-out/>
</testsuite> <!-- Testng.Test_d -->
