<?xml version="1.0" encoding="UTF-8"?>
<!-- Generated by org.testng.reporters.JUnitReportReporter -->
<testsuite hostname="DESKTOP-QFPEJP1" failures="0" tests="2" name="Testng.testcase" time="0.015" errors="0" timestamp="2022-08-17T21:47:50 IST" skipped="0">
  <testcase classname="Testng.testcase" name="Test_2" time="0.003"/>
  <system-out/>
  <testcase classname="Testng.testcase" name="Test_1" time="0.012"/>
  <system-out/>
</testsuite> <!-- Testng.testcase -->
