<?xml version="1.0" encoding="UTF-8"?>
<!-- Generated by org.testng.reporters.JUnitReportReporter -->
<testsuite hostname="DESKTOP-QFPEJP1" failures="0" tests="1" name="Testng.test1" time="0.025" errors="0" timestamp="2022-08-17T21:55:48 IST" skipped="0">
  <testcase classname="Testng.test1" name="test_tc_001_b" time="0.025"/>
  <system-out/>
</testsuite> <!-- Testng.test1 -->
