<?xml version="1.0" encoding="UTF-8"?>
<!-- Generated by org.testng.reporters.JUnitReportReporter -->
<testsuite hostname="DESKTOP-QFPEJP1" failures="0" tests="4" name="Testng.Test_a" time="0.031" errors="0" timestamp="2022-08-17T21:51:58 IST" skipped="0">
  <testcase classname="Testng.Test_a" name="A" time="0.019"/>
  <system-out/>
  <testcase classname="Testng.Test_a" name="D" time="0.004"/>
  <system-out/>
  <testcase classname="Testng.Test_a" name="B" time="0.004"/>
  <system-out/>
  <testcase classname="Testng.Test_a" name="C" time="0.004"/>
  <system-out/>
</testsuite> <!-- Testng.Test_a -->
